<?xml version="1.0" encoding="UTF-8"?>
<!-- Generated by org.testng.reporters.JUnitReportReporter -->
<testsuite skipped="0" hostname="Dell" name="com.amazon.qa.testcases.SearchListPageTest" tests="1" failures="0" timestamp="2019-09-23T00:45:30 IST" time="82.263" errors="0">
  <testcase name="validateSearchProductTest" time="82.263" classname="com.amazon.qa.testcases.SearchListPageTest"/>
</testsuite> <!-- com.amazon.qa.testcases.SearchListPageTest -->
