<?xml version="1.0" encoding="UTF-8"?>
<!-- Generated by org.testng.reporters.JUnitReportReporter -->
<testsuite skipped="0" hostname="Dell" name="com.amazon.qa.testcases.ProductDetailsPageTest" tests="1" failures="0" timestamp="2019-09-23T00:49:44 IST" time="114.954" errors="0">
  <testcase name="validateProductDetailsTest" time="114.954" classname="com.amazon.qa.testcases.ProductDetailsPageTest"/>
</testsuite> <!-- com.amazon.qa.testcases.ProductDetailsPageTest -->
