<?xml version="1.0" encoding="UTF-8"?>
<!-- Generated by org.testng.reporters.JUnitReportReporter -->
<testsuite skipped="0" hostname="Dell" name="com.amazon.qa.testcases.CheckOutPageTest" tests="1" failures="0" timestamp="2019-09-23T00:40:00 IST" time="93.265" errors="0">
  <testcase name="validatecheckOutProductDetailTest" time="93.265" classname="com.amazon.qa.testcases.CheckOutPageTest"/>
</testsuite> <!-- com.amazon.qa.testcases.CheckOutPageTest -->
